<?xml version="1.0" encoding="UTF-8"?>
<!-- Generated by org.testng.reporters.JUnitXMLReporter -->
<testsuite ignored="0" hostname="selenium19" failures="0" tests="4" name="Test2" time="0.177" errors="0" timestamp="2024-12-13T13:20:36 IST">
  <testcase classname="ParllellScripts.SampleThreeTest" name="testFour" time="0.024"/>
  <testcase classname="ParllellScripts.SampleThreeTest" name="testOne" time="0.005"/>
  <testcase classname="ParllellScripts.SampleThreeTest" name="testTwo" time="0.003"/>
  <testcase classname="ParllellScripts.SampleThreeTest" name="testthree" time="0.01"/>
</testsuite> <!-- Test2 -->
