<?xml version="1.0" encoding="UTF-8"?>
<!-- Generated by org.testng.reporters.JUnitXMLReporter -->
<testsuite ignored="0" hostname="selenium19" failures="2" tests="11" name="Test1" time="10.262" errors="0" timestamp="2024-12-13T13:20:46 IST">
  <testcase classname="ParllellScripts.SampleTestOne" name="testFour" time="0.023"/>
  <testcase classname="ParllellScripts.SampleTestOne" name="testOne" time="0.021"/>
  <testcase classname="ParllellScripts.SampleTestOne" name="testTwo" time="6.229"/>
  <testcase classname="ParllellScripts.SampleTestOne" name="testTwo" time="6.261"/>
  <testcase classname="ParllellScripts.SampleTestOne" name="testTwo" time="3.739">
    <failure type="java.lang.InterruptedException">
      <![CDATA[java.lang.InterruptedException
at java.base/java.util.concurrent.locks.AbstractQueuedSynchronizer$ConditionObject.awaitNanos(AbstractQueuedSynchronizer.java:1679)
at java.base/java.util.concurrent.ThreadPoolExecutor.awaitTermination(ThreadPoolExecutor.java:1464)
at java.base/java.util.concurrent.FutureTask.run(FutureTask.java:264)
at java.base/java.util.concurrent.ThreadPoolExecutor.runWorker(ThreadPoolExecutor.java:1136)
at java.base/java.util.concurrent.ThreadPoolExecutor$Worker.run(ThreadPoolExecutor.java:635)
at java.base/java.lang.Thread.run(Thread.java:840)
... Removed 10 stack frames]]>
    </failure>
  </testcase> <!-- testTwo -->
  <testcase classname="ParllellScripts.SampleTestOne" name="testTwo" time="3.731">
    <failure type="java.lang.InterruptedException">
      <![CDATA[java.lang.InterruptedException
at java.base/java.util.concurrent.locks.AbstractQueuedSynchronizer$ConditionObject.awaitNanos(AbstractQueuedSynchronizer.java:1679)
at java.base/java.util.concurrent.ThreadPoolExecutor.awaitTermination(ThreadPoolExecutor.java:1464)
at java.base/java.util.concurrent.FutureTask.run(FutureTask.java:264)
at java.base/java.util.concurrent.ThreadPoolExecutor.runWorker(ThreadPoolExecutor.java:1136)
at java.base/java.util.concurrent.ThreadPoolExecutor$Worker.run(ThreadPoolExecutor.java:635)
at java.base/java.lang.Thread.run(Thread.java:840)
... Removed 10 stack frames]]>
    </failure>
  </testcase> <!-- testTwo -->
  <testcase classname="ParllellScripts.SampleTestOne" name="testthree" time="0.001"/>
  <testcase classname="ParllellScripts.SampleTwoTest" name="testFour" time="0.002"/>
  <testcase classname="ParllellScripts.SampleTwoTest" name="testOne" time="0.006"/>
  <testcase classname="ParllellScripts.SampleTwoTest" name="testTwo" time="0.001"/>
  <testcase classname="ParllellScripts.SampleTwoTest" name="testthree" time="0.015"/>
</testsuite> <!-- Test1 -->
