<?xml version="1.0" encoding="UTF-8"?>
<!-- Generated by org.testng.reporters.JUnitXMLReporter -->
<testsuite ignored="0" hostname="selenium19" failures="0" tests="12" name="Test" time="0.183" errors="0" timestamp="2024-12-13T13:02:30 IST">
  <testcase classname="ParllellScripts.SampleTwoTest" name="testFour" time="0.017"/>
  <testcase classname="ParllellScripts.SampleTestOne" name="testFour" time="0.019"/>
  <testcase classname="ParllellScripts.SampleThreeTest" name="testFour" time="0.02"/>
  <testcase classname="ParllellScripts.SampleThreeTest" name="testOne" time="0.003"/>
  <testcase classname="ParllellScripts.SampleTestOne" name="testOne" time="0.005"/>
  <testcase classname="ParllellScripts.SampleTwoTest" name="testOne" time="0.022"/>
  <testcase classname="ParllellScripts.SampleTestOne" name="testTwo" time="0.011"/>
  <testcase classname="ParllellScripts.SampleTwoTest" name="testTwo" time="0.003"/>
  <testcase classname="ParllellScripts.SampleTestOne" name="testthree" time="0.002"/>
  <testcase classname="ParllellScripts.SampleTwoTest" name="testthree" time="0.006"/>
  <testcase classname="ParllellScripts.SampleThreeTest" name="testTwo" time="0.026"/>
  <testcase classname="ParllellScripts.SampleThreeTest" name="testthree" time="0.001"/>
</testsuite> <!-- Test -->
